1565337795821	mozrunner::runner	INFO	Running command: "/usr/bin/firefox" "-marionette" "-foreground" "-no-remote" "-profile" "/tmp/rust_mozprofile.hAJS0dhoXIZD"
1565337796127	addons.webextension.screenshots@mozilla.org	WARN	Loading extension 'screenshots@mozilla.org': Reading manifest: Invalid extension permission: mozillaAddons
1565337796127	addons.webextension.screenshots@mozilla.org	WARN	Loading extension 'screenshots@mozilla.org': Reading manifest: Invalid extension permission: resource://pdf.js/
1565337796127	addons.webextension.screenshots@mozilla.org	WARN	Loading extension 'screenshots@mozilla.org': Reading manifest: Invalid extension permission: about:reader*
1565337797360	Marionette	INFO	Listening on port 33465
1565337797449	Marionette	WARN	TLS certificate errors will be ignored for this session
JavaScript warning: https://id.starbucks.com/secureauth87/assets/scripts/jquery.js, line 2: Using //@ to indicate sourceMappingURL pragmas is deprecated. Use //# instead
JavaScript warning: https://id.starbucks.com/secureauth87/assets/scripts/jquery.js, line 2: Using //@ to indicate sourceMappingURL pragmas is deprecated. Use //# instead
Exiting due to channel error.
Exiting due to channel error.
Exiting due to channel error.
1565337845649	mozrunner::runner	INFO	Running command: "/usr/bin/firefox" "-marionette" "-foreground" "-no-remote" "-profile" "/tmp/rust_mozprofile.46yHNNWKOHWq"
1565337845963	addons.webextension.screenshots@mozilla.org	WARN	Loading extension 'screenshots@mozilla.org': Reading manifest: Invalid extension permission: mozillaAddons
1565337845963	addons.webextension.screenshots@mozilla.org	WARN	Loading extension 'screenshots@mozilla.org': Reading manifest: Invalid extension permission: resource://pdf.js/
1565337845963	addons.webextension.screenshots@mozilla.org	WARN	Loading extension 'screenshots@mozilla.org': Reading manifest: Invalid extension permission: about:reader*
1565337847348	Marionette	INFO	Listening on port 37315
1565337847368	Marionette	WARN	TLS certificate errors will be ignored for this session
JavaScript warning: https://id.starbucks.com/secureauth87/assets/scripts/jquery.js, line 2: Using //@ to indicate sourceMappingURL pragmas is deprecated. Use //# instead
JavaScript warning: https://id.starbucks.com/secureauth87/assets/scripts/jquery.js, line 2: Using //@ to indicate sourceMappingURL pragmas is deprecated. Use //# instead
console.error: BroadcastService: 
  receivedBroadcastMessage: handler for
  remote-settings/monitor_changes
  threw error:
  Message: Error: Polling for changes failed: http://%(server)s/dummy/blocklist//buckets/monitor/collections/changes/records?_expected=%221565308811794%22 is not a valid URL..
  Stack:
    remoteSettingsFunction/remoteSettings.pollChanges@resource://services-settings/remote-settings.js:203:13

Exiting due to channel error.
Exiting due to channel error.
Exiting due to channel error.
1565337942228	mozrunner::runner	INFO	Running command: "/usr/bin/firefox" "-marionette" "-foreground" "-no-remote" "-profile" "/tmp/rust_mozprofile.CIOqS1j7AXF1"
1565337942539	addons.webextension.screenshots@mozilla.org	WARN	Loading extension 'screenshots@mozilla.org': Reading manifest: Invalid extension permission: mozillaAddons
1565337942539	addons.webextension.screenshots@mozilla.org	WARN	Loading extension 'screenshots@mozilla.org': Reading manifest: Invalid extension permission: resource://pdf.js/
1565337942539	addons.webextension.screenshots@mozilla.org	WARN	Loading extension 'screenshots@mozilla.org': Reading manifest: Invalid extension permission: about:reader*
1565337943776	Marionette	INFO	Listening on port 43975
1565337943861	Marionette	WARN	TLS certificate errors will be ignored for this session
JavaScript warning: https://id.starbucks.com/secureauth87/assets/scripts/jquery.js, line 2: Using //@ to indicate sourceMappingURL pragmas is deprecated. Use //# instead
JavaScript warning: https://id.starbucks.com/secureauth87/assets/scripts/jquery.js, line 2: Using //@ to indicate sourceMappingURL pragmas is deprecated. Use //# instead
JavaScript warning: https://id.starbucks.com/secureauth87/assets/scripts/jquery.js, line 2: Using //@ to indicate sourceMappingURL pragmas is deprecated. Use //# instead
Exiting due to channel error.
Exiting due to channel error.
Exiting due to channel error.
1565338039235	mozrunner::runner	INFO	Running command: "/usr/bin/firefox" "-marionette" "-foreground" "-no-remote" "-profile" "/tmp/rust_mozprofile.HLzeBT74OoDA"
1565338039547	addons.webextension.screenshots@mozilla.org	WARN	Loading extension 'screenshots@mozilla.org': Reading manifest: Invalid extension permission: mozillaAddons
1565338039547	addons.webextension.screenshots@mozilla.org	WARN	Loading extension 'screenshots@mozilla.org': Reading manifest: Invalid extension permission: resource://pdf.js/
1565338039548	addons.webextension.screenshots@mozilla.org	WARN	Loading extension 'screenshots@mozilla.org': Reading manifest: Invalid extension permission: about:reader*
1565338040986	Marionette	INFO	Listening on port 36321
1565338041048	Marionette	WARN	TLS certificate errors will be ignored for this session
JavaScript warning: https://id.starbucks.com/secureauth87/assets/scripts/jquery.js, line 2: Using //@ to indicate sourceMappingURL pragmas is deprecated. Use //# instead
JavaScript warning: https://id.starbucks.com/secureauth87/assets/scripts/jquery.js, line 2: Using //@ to indicate sourceMappingURL pragmas is deprecated. Use //# instead
JavaScript warning: https://id.starbucks.com/SecureAuth87/scripts/jquery.js, line 2: Using //@ to indicate sourceMappingURL pragmas is deprecated. Use //# instead
JavaScript warning: https://starbucks-wfmr.jdadelivers.com/stash9/Deploy/3rdparty/extjs/4.2.2/ext-all.js?v=c89465f75449e4b8f4c874a91e7b7237, line 18: unreachable code after return statement
JavaScript warning: https://starbucks-wfmr.jdadelivers.com/stash9/Deploy/3rdparty/extjs/4.2.2/ext-all.js?v=c89465f75449e4b8f4c874a91e7b7237, line 18: unreachable code after return statement
console.error: BroadcastService: 
  receivedBroadcastMessage: handler for
  remote-settings/monitor_changes
  threw error:
  Message: Error: Polling for changes failed: http://%(server)s/dummy/blocklist//buckets/monitor/collections/changes/records?_expected=%221565308811794%22 is not a valid URL..
  Stack:
    remoteSettingsFunction/remoteSettings.pollChanges@resource://services-settings/remote-settings.js:203:13

[Parent 20801, Gecko_IOThread] WARNING: pipe error (78): Connection reset by peer: file /build/firefox-CcxFhu/firefox-67.0.4+linuxmint1+sylvia/ipc/chromium/src/chrome/common/ipc_channel_posix.cc, line 357
[Parent 20801, Gecko_IOThread] WARNING: pipe error (97): Connection reset by peer: file /build/firefox-CcxFhu/firefox-67.0.4+linuxmint1+sylvia/ipc/chromium/src/chrome/common/ipc_channel_posix.cc, line 357
1565338178111	Marionette	INFO	Stopped listening on port 36321
